TN:
SF:currency.ts
FN:5,(anonymous_0)
FN:10,(anonymous_1)
FNF:2
FNH:2
FNDA:3,(anonymous_0)
FNDA:6,(anonymous_1)
DA:1,1
DA:6,3
DA:7,3
DA:11,6
LF:4
LH:4
BRF:0
BRH:0
end_of_record
TN:
SF:exchange-rate.ts
FNF:0
FNH:0
DA:1,1
DA:3,1
DA:4,1
DA:5,1
LF:4
LH:4
BRF:0
BRH:0
end_of_record
TN:
SF:index.ts
FN:6,(anonymous_1)
FNF:1
FNH:1
FNDA:2,(anonymous_1)
DA:1,2
DA:2,2
DA:4,2
DA:6,2
DA:8,2
DA:14,2
DA:15,2
DA:20,2
DA:22,2
DA:23,1
DA:24,1
DA:27,1
DA:28,1
DA:31,2
LF:14
LH:14
BRDA:22,0,0,1
BRF:1
BRH:1
end_of_record
